  helloWindow.cpp
g:\all_workspace\opengl_space\projects\learning\learning\learning\hellowindow.cpp(317): warning C4244: “初始化”: 从“double”转换到“float”，可能丢失数据
g:\all_workspace\opengl_space\projects\learning\learning\learning\hellowindow.cpp(414): warning C4244: “=”: 从“double”转换到“T”，可能丢失数据
          with
          [
              T=float
          ]
g:\all_workspace\opengl_space\projects\learning\learning\learning\hellowindow.cpp(415): warning C4244: “=”: 从“double”转换到“T”，可能丢失数据
          with
          [
              T=float
          ]
g:\all_workspace\opengl_space\projects\learning\learning\learning\hellowindow.cpp(420): warning C4244: “初始化”: 从“int”转换到“float”，可能丢失数据
g:\all_workspace\opengl_space\projects\learning\learning\learning\hellowindow.cpp(421): warning C4244: “初始化”: 从“int”转换到“float”，可能丢失数据
g:\all_workspace\opengl_space\projects\learning\learning\learning\hellowindow.cpp(422): warning C4244: “初始化”: 从“int”转换到“float”，可能丢失数据
g:\all_workspace\opengl_space\projects\learning\learning\learning\hellowindow.cpp(453): warning C4244: “=”: 从“double”转换到“float”，可能丢失数据
g:\all_workspace\opengl_space\projects\learning\learning\learning\hellowindow.cpp(454): warning C4244: “=”: 从“double”转换到“float”，可能丢失数据
g:\all_workspace\opengl_space\projects\learning\learning\learning\hellowindow.cpp(457): warning C4244: “初始化”: 从“double”转换到“float”，可能丢失数据
g:\all_workspace\opengl_space\projects\learning\learning\learning\hellowindow.cpp(458): warning C4244: “初始化”: 从“double”转换到“float”，可能丢失数据
g:\all_workspace\opengl_space\projects\learning\learning\learning\hellowindow.cpp(460): warning C4244: “=”: 从“double”转换到“float”，可能丢失数据
g:\all_workspace\opengl_space\projects\learning\learning\learning\hellowindow.cpp(461): warning C4244: “=”: 从“double”转换到“float”，可能丢失数据
g:\all_workspace\opengl_space\projects\learning\learning\learning\hellowindow.cpp(468): warning C4244: “参数”: 从“double”转换到“float”，可能丢失数据
  learning.vcxproj -> G:\all_workspace\OpenGL_space\projects\learning\learning\Debug\learning.exe
